-------------------------------------------------------------------------------
Test set: com.garone.Prg06StudentiCorsiApplicationTests
-------------------------------------------------------------------------------
Tests run: 1, Failures: 0, Errors: 1, Skipped: 0, Time elapsed: 4.443 s <<< FAILURE! - in com.garone.Prg06StudentiCorsiApplicationTests
contextLoads  Time elapsed: 0.002 s  <<< ERROR!
java.lang.IllegalStateException: Failed to load ApplicationContext
Caused by: org.springframework.beans.factory.BeanCreationException: Error creating bean with name 'entityManagerFactory' defined in class path resource [org/springframework/boot/autoconfigure/orm/jpa/HibernateJpaConfiguration.class]: Invocation of init method failed; nested exception is org.hibernate.AnnotationException: Illegal use of mappedBy on both sides of the relationship: com.garone.entities.Studente.esami
Caused by: org.hibernate.AnnotationException: Illegal use of mappedBy on both sides of the relationship: com.garone.entities.Studente.esami

